<?xml version="1.0" encoding="utf-8"?><testsuites name="pytest tests"><testsuite name="pytest" errors="0" failures="0" skipped="0" tests="3" time="8.930" timestamp="2026-09-14T19:33:39.034279+00:00" hostname="agent-env-6721030a-e233-4e31-b8e1-74554f256377"><testcase classname="tests.test_ai_insights" name="test_ai_insights_requires_authentication" time="0.244" /><testcase classname="tests.test_ai_insights" name="test_ai_insights_requires_control_membership" time="0.293" /><testcase classname="tests.test_ai_insights" name="test_ai_insights_streams_done_and_persists_aggregates" time="7.228" /></testsuite></testsuites>