<?xml version="1.0" encoding="utf-8"?><testsuites name="pytest tests"><testsuite name="pytest" errors="0" failures="0" skipped="0" tests="7" time="3.741" timestamp="2026-09-09T12:29:47.571778+00:00" hostname="agent-env-6721030a-e233-4e31-b8e1-74554f256377"><testcase classname="tests.test_finance_api" name="test_auth_me_requires_session" time="0.176" /><testcase classname="tests.test_finance_api" name="test_auth_me_returns_demo_without_mongo_id" time="0.204" /><testcase classname="tests.test_finance_api" name="test_control_and_membership_persist" time="0.357" /><testcase classname="tests.test_finance_api" name="test_tag_required_and_transaction_precision" time="0.509" /><testcase classname="tests.test_finance_api" name="test_demo_data_add_and_remove" time="0.548" /><testcase classname="tests.test_finance_api" name="test_delete_transaction_requires_owner" time="0.483" /><testcase classname="tests.test_finance_api" name="test_viewer_permissions_and_control_isolation" time="0.719" /></testsuite></testsuites>