<?xml version="1.0" encoding="utf-8"?><testsuites name="pytest tests"><testsuite name="pytest" errors="0" failures="0" skipped="0" tests="6" time="3.037" timestamp="2026-09-09T12:24:06.812501+00:00" hostname="agent-env-6721030a-e233-4e31-b8e1-74554f256377"><testcase classname="tests.test_finance_api" name="test_auth_me_requires_session" time="0.212" /><testcase classname="tests.test_finance_api" name="test_auth_me_returns_demo_without_mongo_id" time="0.261" /><testcase classname="tests.test_finance_api" name="test_control_and_membership_persist" time="0.354" /><testcase classname="tests.test_finance_api" name="test_tag_required_and_transaction_precision" time="0.525" /><testcase classname="tests.test_finance_api" name="test_demo_data_add_and_remove" time="0.656" /><testcase classname="tests.test_finance_api" name="test_delete_transaction_requires_owner" time="0.532" /></testsuite></testsuites>