<?xml version="1.0" encoding="utf-8"?><testsuites name="pytest tests"><testsuite name="pytest" errors="0" failures="0" skipped="0" tests="11" time="6.912" timestamp="2026-09-11T18:30:31.412687+00:00" hostname="agent-env-6721030a-e233-4e31-b8e1-74554f256377"><testcase classname="tests.test_finance_api" name="test_auth_me_requires_session" time="0.195" /><testcase classname="tests.test_finance_api" name="test_auth_me_returns_demo_without_mongo_id" time="0.223" /><testcase classname="tests.test_finance_api" name="test_bearer_logout_invalidates_same_token" time="0.629" /><testcase classname="tests.test_finance_api" name="test_cookie_logout_clears_session" time="0.489" /><testcase classname="tests.test_finance_api" name="test_oauth_invalid_session_returns_auth_error" time="0.261" /><testcase classname="tests.test_finance_api" name="test_control_and_membership_persist" time="0.493" /><testcase classname="tests.test_finance_api" name="test_tag_required_and_transaction_precision" time="0.684" /><testcase classname="tests.test_finance_api" name="test_demo_data_add_and_remove" time="0.729" /><testcase classname="tests.test_finance_api" name="test_delete_transaction_requires_owner" time="0.521" /><testcase classname="tests.test_finance_api" name="test_update_transaction_preserves_session_and_precision" time="0.694" /><testcase classname="tests.test_finance_api" name="test_viewer_permissions_and_control_isolation" time="0.830" /></testsuite></testsuites>