<?xml version="1.0" encoding="utf-8"?><testsuites name="pytest tests"><testsuite name="pytest" errors="0" failures="0" skipped="0" tests="7" time="4.085" timestamp="2026-09-09T13:17:59.469492+00:00" hostname="agent-env-6721030a-e233-4e31-b8e1-74554f256377"><testcase classname="tests.test_finance_api" name="test_auth_me_requires_session" time="0.257" /><testcase classname="tests.test_finance_api" name="test_auth_me_returns_demo_without_mongo_id" time="0.282" /><testcase classname="tests.test_finance_api" name="test_control_and_membership_persist" time="0.438" /><testcase classname="tests.test_finance_api" name="test_tag_required_and_transaction_precision" time="0.591" /><testcase classname="tests.test_finance_api" name="test_demo_data_add_and_remove" time="0.510" /><testcase classname="tests.test_finance_api" name="test_delete_transaction_requires_owner" time="0.543" /><testcase classname="tests.test_finance_api" name="test_viewer_permissions_and_control_isolation" time="0.744" /></testsuite></testsuites>